  [1m[36m (15.1ms)[0m  [1mCREATE TABLE "schema_migrations" ("version" character varying NOT NULL) [0m
  [1m[35m (7.4ms)[0m  CREATE UNIQUE INDEX  "unique_schema_migrations" ON "schema_migrations"  ("version")
  [1m[36mActiveRecord::SchemaMigration Load (0.4ms)[0m  [1mSELECT "schema_migrations".* FROM "schema_migrations"[0m
  [1m[36mSQL (6.7ms)[0m  [1mCREATE EXTENSION IF NOT EXISTS "plpgsql"[0m
  [1m[35m (0.4ms)[0m  SELECT version FROM "schema_migrations"
  [1m[36m (0.6ms)[0m  [1mINSERT INTO "schema_migrations" (version) VALUES ('0')[0m
  [1m[35mSQL (0.4ms)[0m  CREATE EXTENSION IF NOT EXISTS "plpgsql"
  [1m[36m (3.8ms)[0m  [1mCREATE TABLE "schema_migrations" ("version" character varying NOT NULL) [0m
  [1m[35m (1.4ms)[0m  CREATE UNIQUE INDEX  "unique_schema_migrations" ON "schema_migrations"  ("version")
  [1m[36m (0.4ms)[0m  [1mSELECT version FROM "schema_migrations"[0m
  [1m[35m (0.5ms)[0m  INSERT INTO "schema_migrations" (version) VALUES ('0')
  [1m[36mActiveRecord::SchemaMigration Load (0.4ms)[0m  [1mSELECT "schema_migrations".* FROM "schema_migrations"[0m


Started GET "/" for ::1 at 2017-02-27 02:23:02 -0500
Processing by Rails::WelcomeController#index as HTML
  Rendered /Library/Ruby/Gems/2.0.0/gems/railties-4.2.6/lib/rails/templates/rails/welcome/index.html.erb (40.6ms)
Completed 200 OK in 68ms (Views: 49.7ms | ActiveRecord: 0.0ms)


Started GET "/" for ::1 at 2017-03-05 00:43:08 -0500
Processing by Rails::WelcomeController#index as HTML
  Rendered /Users/kaybus/.rvm/gems/ruby-2.2.6/gems/railties-4.2.6/lib/rails/templates/rails/welcome/index.html.erb (2.2ms)
Completed 200 OK in 23ms (Views: 13.7ms | ActiveRecord: 0.0ms)
